TN:
SF:src/index.js
FN:34,(anonymous_0)
FNF:1
FNH:1
FNDA:2,(anonymous_0)
DA:1,2
DA:2,2
DA:3,2
DA:4,2
DA:5,2
DA:6,2
DA:9,2
DA:12,2
DA:24,2
DA:28,2
DA:32,2
DA:34,2
DA:35,2
DA:38,2
LF:14
LH:14
BRF:0
BRH:0
end_of_record
TN:
SF:src/api/userApi.js
FNF:0
FNH:0
DA:1,2
DA:2,2
DA:3,2
DA:6,2
DA:8,2
LF:5
LH:5
BRF:0
BRH:0
end_of_record
TN:
SF:src/config/db.js
FN:18,(anonymous_0)
FNF:1
FNH:1
FNDA:2,(anonymous_0)
DA:1,2
DA:2,2
DA:8,2
DA:18,2
DA:19,2
DA:20,0
DA:22,2
DA:25,2
LF:8
LH:7
BRDA:19,0,0,0
BRDA:19,0,1,2
BRF:2
BRH:1
end_of_record
TN:
SF:src/controllers/userController.js
FN:4,(anonymous_0)
FN:8,(anonymous_1)
FN:32,(anonymous_2)
FN:36,(anonymous_3)
FN:51,(anonymous_4)
FN:53,(anonymous_5)
FNF:6
FNH:4
FNDA:1,(anonymous_0)
FNDA:1,(anonymous_1)
FNDA:1,(anonymous_2)
FNDA:1,(anonymous_3)
FNDA:0,(anonymous_4)
FNDA:0,(anonymous_5)
DA:1,2
DA:4,2
DA:5,1
DA:8,1
DA:9,1
DA:11,1
DA:15,0
DA:20,0
DA:23,0
DA:32,2
DA:33,1
DA:36,1
DA:37,1
DA:38,0
DA:42,1
DA:51,2
DA:53,0
DA:54,0
DA:55,0
DA:59,0
LF:20
LH:12
BRDA:9,0,0,1
BRDA:9,0,1,0
BRDA:37,1,0,0
BRDA:37,1,1,1
BRDA:54,2,0,0
BRDA:54,2,1,0
BRF:6
BRH:2
end_of_record
TN:
SF:src/middleware/userMiddleware.js
FN:1,(anonymous_0)
FN:46,(anonymous_1)
FN:72,(anonymous_2)
FNF:3
FNH:3
FNDA:1,(anonymous_0)
FNDA:1,(anonymous_1)
FNDA:1,(anonymous_2)
DA:1,2
DA:2,1
DA:3,1
DA:7,1
DA:8,1
DA:9,0
DA:16,1
DA:17,1
DA:18,1
DA:21,1
DA:22,0
DA:26,1
DA:27,0
DA:31,1
DA:32,0
DA:36,1
DA:37,0
DA:42,1
DA:46,2
DA:47,1
DA:50,1
DA:51,0
DA:59,1
DA:60,0
DA:67,1
DA:72,2
DA:73,1
DA:74,1
LF:28
LH:21
BRDA:8,0,0,0
BRDA:8,0,1,1
BRDA:8,1,0,1
BRDA:8,1,1,1
BRDA:16,2,0,0
BRDA:16,2,1,1
BRDA:17,3,0,0
BRDA:17,3,1,1
BRDA:18,4,0,0
BRDA:18,4,1,1
BRDA:21,5,0,0
BRDA:21,5,1,1
BRDA:21,6,0,1
BRDA:21,6,1,1
BRDA:26,7,0,0
BRDA:26,7,1,1
BRDA:26,8,0,1
BRDA:26,8,1,1
BRDA:31,9,0,0
BRDA:31,9,1,1
BRDA:31,10,0,1
BRDA:31,10,1,1
BRDA:36,11,0,0
BRDA:36,11,1,1
BRDA:50,12,0,0
BRDA:50,12,1,1
BRDA:50,13,0,1
BRDA:50,13,1,1
BRDA:59,14,0,0
BRDA:59,14,1,1
BRDA:59,15,0,1
BRDA:59,15,1,1
BRF:32
BRH:22
end_of_record
TN:
SF:src/models/userModel.js
FN:4,(anonymous_0)
FN:6,(anonymous_1)
FN:16,(anonymous_2)
FN:28,(anonymous_3)
FN:38,(anonymous_4)
FN:40,(anonymous_5)
FN:50,(anonymous_6)
FN:52,(anonymous_7)
FNF:8
FNH:4
FNDA:1,(anonymous_0)
FNDA:1,(anonymous_1)
FNDA:0,(anonymous_2)
FNDA:0,(anonymous_3)
FNDA:1,(anonymous_4)
FNDA:1,(anonymous_5)
FNDA:0,(anonymous_6)
FNDA:0,(anonymous_7)
DA:1,2
DA:4,2
DA:5,1
DA:6,1
DA:7,1
DA:8,0
DA:9,0
DA:11,1
DA:16,2
DA:17,0
DA:22,0
DA:28,0
DA:29,0
DA:30,0
DA:31,0
DA:33,0
DA:38,2
DA:39,1
DA:40,1
DA:41,1
DA:42,0
DA:43,0
DA:45,1
DA:50,2
DA:51,0
DA:52,0
DA:53,0
DA:54,0
DA:55,0
DA:57,0
LF:30
LH:13
BRDA:7,0,0,0
BRDA:7,0,1,1
BRDA:29,1,0,0
BRDA:29,1,1,0
BRDA:41,2,0,0
BRDA:41,2,1,1
BRDA:53,3,0,0
BRDA:53,3,1,0
BRF:8
BRH:2
end_of_record
TN:
SF:src/routes/userRoutes.js
FNF:0
FNH:0
DA:1,2
DA:2,2
DA:3,2
DA:4,2
DA:7,2
DA:10,2
DA:16,2
DA:22,2
LF:8
LH:8
BRF:0
BRH:0
end_of_record
TN:
SF:src/services/userService.js
FN:6,(anonymous_0)
FN:18,(anonymous_1)
FN:33,(anonymous_2)
FN:39,(anonymous_3)
FN:52,(anonymous_4)
FN:76,(anonymous_5)
FN:80,(anonymous_6)
FN:89,(anonymous_7)
FN:122,(anonymous_8)
FN:124,(anonymous_9)
FNF:10
FNH:5
FNDA:1,(anonymous_0)
FNDA:1,(anonymous_1)
FNDA:0,(anonymous_2)
FNDA:0,(anonymous_3)
FNDA:0,(anonymous_4)
FNDA:1,(anonymous_5)
FNDA:1,(anonymous_6)
FNDA:1,(anonymous_7)
FNDA:0,(anonymous_8)
FNDA:0,(anonymous_9)
DA:1,2
DA:2,2
DA:3,2
DA:6,2
DA:7,1
DA:8,1
DA:11,1
DA:14,1
DA:18,1
DA:19,1
DA:20,0
DA:24,1
DA:25,1
DA:26,1
DA:29,1
DA:33,0
DA:34,0
DA:35,0
DA:36,0
DA:39,0
DA:40,0
DA:41,0
DA:42,0
DA:47,0
DA:53,0
DA:54,0
DA:58,0
DA:67,0
DA:76,2
DA:77,1
DA:80,1
DA:81,1
DA:82,0
DA:84,1
DA:85,0
DA:89,1
DA:90,1
DA:91,0
DA:93,1
DA:94,0
DA:98,1
DA:105,1
DA:115,1
DA:122,2
DA:124,0
DA:125,0
DA:126,0
DA:128,0
LF:48
LH:26
BRDA:11,0,0,1
BRDA:11,0,1,0
BRDA:19,1,0,0
BRDA:19,1,1,1
BRDA:24,2,0,1
BRDA:24,2,1,0
BRDA:24,3,0,1
BRDA:24,3,1,1
BRDA:26,4,0,1
BRDA:26,4,1,0
BRDA:34,5,0,0
BRDA:34,5,1,0
BRDA:40,6,0,0
BRDA:40,6,1,0
BRDA:53,7,0,0
BRDA:53,7,1,0
BRDA:62,8,0,0
BRDA:62,8,1,0
BRDA:81,9,0,0
BRDA:81,9,1,1
BRDA:84,10,0,0
BRDA:84,10,1,1
BRDA:90,11,0,0
BRDA:90,11,1,1
BRDA:93,12,0,0
BRDA:93,12,1,1
BRDA:101,13,0,1
BRDA:101,13,1,0
BRDA:125,14,0,0
BRDA:125,14,1,0
BRF:30
BRH:11
end_of_record
